2025-02-11 08:25:09,353 - ERROR - User registration failed: test@example.com
2025-02-11 08:25:21,244 - ERROR - User registration failed: test@example1.com
2025-02-11 08:25:28,462 - ERROR - User registration failed: test@example1.com
2025-02-11 08:26:39,631 - ERROR - User registration failed: test@example1.com
2025-02-11 08:26:51,046 - ERROR - User registration failed: test2@example.com
2025-02-11 08:49:30,420 - WARNING - Invalid login attempt: new@example.com
2025-02-11 08:49:41,637 - WARNING - Invalid login attempt: amaar1@example.com
2025-02-11 08:50:07,065 - WARNING - Invalid login attempt: amaar2@example.com
2025-02-11 08:50:35,901 - INFO - User logged in: amaar2@example.com
2025-02-11 09:04:40,834 - INFO - User logged in: amaar2@example.com
2025-02-11 09:05:15,538 - INFO - User logged in: amaar1@example.com
2025-02-11 13:01:32,953 - INFO - User logged in: amaar4@example.com
2025-03-02 14:44:52,841 - WARNING - (trapped) error reading bcrypt version
Traceback (most recent call last):
  File "C:\Users\fasth\AppData\Local\Programs\Python\Python312\Lib\site-packages\passlib\handlers\bcrypt.py", line 620, in _load_backend_mixin
    version = _bcrypt.__about__.__version__
              ^^^^^^^^^^^^^^^^^
AttributeError: module 'bcrypt' has no attribute '__about__'
2025-03-02 14:45:42,960 - INFO - User logged in: apshaiderbukhari@gmail.com
2025-03-02 14:46:39,342 - INFO - User logged in: apshaiderbukhari@gmail.com
2025-03-02 14:46:50,741 - WARNING - (trapped) error reading bcrypt version
Traceback (most recent call last):
  File "C:\Users\fasth\AppData\Local\Programs\Python\Python312\Lib\site-packages\passlib\handlers\bcrypt.py", line 620, in _load_backend_mixin
    version = _bcrypt.__about__.__version__
              ^^^^^^^^^^^^^^^^^
AttributeError: module 'bcrypt' has no attribute '__about__'
2025-03-02 14:46:50,980 - INFO - User logged in: apshaiderbukhari@gmail.com
2025-03-02 16:55:06,987 - WARNING - (trapped) error reading bcrypt version
Traceback (most recent call last):
  File "C:\Users\fasth\AppData\Local\Programs\Python\Python312\Lib\site-packages\passlib\handlers\bcrypt.py", line 620, in _load_backend_mixin
    version = _bcrypt.__about__.__version__
              ^^^^^^^^^^^^^^^^^
AttributeError: module 'bcrypt' has no attribute '__about__'
2025-03-02 16:55:50,287 - WARNING - (trapped) error reading bcrypt version
Traceback (most recent call last):
  File "C:\Users\fasth\AppData\Local\Programs\Python\Python312\Lib\site-packages\passlib\handlers\bcrypt.py", line 620, in _load_backend_mixin
    version = _bcrypt.__about__.__version__
              ^^^^^^^^^^^^^^^^^
AttributeError: module 'bcrypt' has no attribute '__about__'
2025-03-02 16:56:16,577 - INFO - User logged in: haider100xdev@gmail.com
2025-03-11 11:58:10,620 - INFO - Attempting login for email: i220980@nu.edu.pk
2025-03-11 11:58:11,205 - INFO - User found: i220980@nu.edu.pk
2025-03-11 11:59:57,410 - INFO - User logged in: i220980@nu.edu.pk
2025-03-11 12:00:41,202 - INFO - User logged in: amaarkhan25@gmail.com
2025-03-11 13:07:54,510 - INFO - User logged in: amaarkhan25@gmail.com
2025-03-19 06:54:19,791 - INFO - User logged in: amaarkhan25@gmail.com
2025-03-19 11:57:32,128 - INFO - User logged in: amaarkhan25@gmail.com
2025-03-19 12:05:11,270 - INFO - User logged in: i220761@nu.edu.pk
2025-03-19 12:17:31,112 - INFO - User logged in: i220761@nu.edu.pk
2025-03-19 12:26:38,514 - INFO - User logged in: i220761@nu.edu.pk
2025-03-19 12:27:45,285 - INFO - User logged in: i220762@nu.edu.pk
2025-03-19 12:37:01,890 - INFO - User logged in: i220762@nu.edu.pk
2025-03-26 10:33:46,686 - INFO - User logged in: i220762@nu.edu.pk
2025-03-28 08:53:07,091 - INFO - User logged in: i220764@nu.edu.pk
2025-03-28 08:53:50,207 - INFO - User logged in: i220763@nu.edu.pk
2025-03-28 09:43:37,061 - INFO - User logged in: i220763@nu.edu.pk
2025-03-28 14:07:49,642 - INFO - User logged in: amaarkhan25@gmail.com
2025-03-28 14:24:18,059 - INFO - User logged in: amaarkhan25@gmail.com
2025-03-28 14:39:14,871 - INFO - User logged in: amaarkhan25@gmail.com
2025-03-28 15:08:14,521 - INFO - User logged in: amaarkhan25@gmail.com
